[0m14:05:46.733486 [debug] [MainThread]: Sending event: {'category': 'dbt', 'action': 'invocation', 'label': 'start', 'context': [<snowplow_tracker.self_describing_json.SelfDescribingJson object at 0x7fa2deb7c910>, <snowplow_tracker.self_describing_json.SelfDescribingJson object at 0x7fa2dcea3820>, <snowplow_tracker.self_describing_json.SelfDescribingJson object at 0x7fa2dcea38b0>]}


============================== 14:05:46.736500 | 33507229-419b-4c2e-a9a1-f8680f40c16a ==============================
[0m14:05:46.736500 [info ] [MainThread]: Running with dbt=1.5.0
[0m14:05:46.736938 [debug] [MainThread]: running dbt with arguments {'printer_width': '80', 'indirect_selection': 'eager', 'write_json': 'True', 'log_cache_events': 'False', 'partial_parse': 'True', 'cache_selected_only': 'False', 'warn_error': 'None', 'debug': 'False', 'version_check': 'True', 'log_path': 'logs', 'fail_fast': 'False', 'profiles_dir': '/home/ming/.dbt', 'use_colors': 'True', 'use_experimental_parser': 'False', 'no_print': 'None', 'quiet': 'False', 'warn_error_options': 'WarnErrorOptions(include=[], exclude=[])', 'introspect': 'True', 'log_format': 'default', 'static_parser': 'True', 'target_path': 'None', 'send_anonymous_usage_stats': 'True'}
[0m14:05:46.737594 [debug] [MainThread]: Starter project path: /home/ming/miniconda3/envs/dbt_demo/lib/python3.8/site-packages/dbt/include/starter_project
[0m14:05:46.739948 [debug] [MainThread]: Command `dbt init` succeeded at 14:05:46.739853 after 0.03 seconds
[0m14:05:46.740220 [debug] [MainThread]: Sending event: {'category': 'dbt', 'action': 'invocation', 'label': 'end', 'context': [<snowplow_tracker.self_describing_json.SelfDescribingJson object at 0x7fa2deb7c910>, <snowplow_tracker.self_describing_json.SelfDescribingJson object at 0x7fa2dcea36a0>, <snowplow_tracker.self_describing_json.SelfDescribingJson object at 0x7fa2dcea3580>]}
[0m14:05:46.740499 [debug] [MainThread]: Flushing usage events
[0m17:20:24.295268 [debug] [MainThread]: Sending event: {'category': 'dbt', 'action': 'invocation', 'label': 'start', 'context': [<snowplow_tracker.self_describing_json.SelfDescribingJson object at 0x7f20082a8310>, <snowplow_tracker.self_describing_json.SelfDescribingJson object at 0x7f200b439550>, <snowplow_tracker.self_describing_json.SelfDescribingJson object at 0x7f200b439fd0>]}


============================== 17:20:24.297591 | d166abf6-dce3-4321-9813-45c276e37a5e ==============================
[0m17:20:24.297591 [info ] [MainThread]: Running with dbt=1.5.0
[0m17:20:24.298188 [debug] [MainThread]: running dbt with arguments {'printer_width': '80', 'indirect_selection': 'eager', 'write_json': 'True', 'log_cache_events': 'False', 'partial_parse': 'True', 'cache_selected_only': 'False', 'profiles_dir': '/home/ming/.dbt', 'fail_fast': 'False', 'debug': 'False', 'log_path': 'logs', 'version_check': 'True', 'warn_error': 'None', 'use_colors': 'True', 'use_experimental_parser': 'False', 'no_print': 'None', 'quiet': 'False', 'log_format': 'default', 'static_parser': 'True', 'warn_error_options': 'WarnErrorOptions(include=[], exclude=[])', 'introspect': 'True', 'target_path': 'None', 'send_anonymous_usage_stats': 'True'}
[0m17:20:24.298618 [info ] [MainThread]: dbt version: 1.5.0
[0m17:20:24.298997 [info ] [MainThread]: python version: 3.8.16
[0m17:20:24.299380 [info ] [MainThread]: python path: /home/ming/miniconda3/envs/dbt_demo/bin/python
[0m17:20:24.299823 [info ] [MainThread]: os info: Linux-6.2.0-20-generic-x86_64-with-glibc2.17
[0m17:20:24.300246 [info ] [MainThread]: Using profiles.yml file at /home/ming/.dbt/profiles.yml
[0m17:20:24.300623 [info ] [MainThread]: Using dbt_project.yml file at /home/ming/Documents/demo/jaffle_shop/dbt_project.yml
[0m17:20:24.301017 [info ] [MainThread]: Configuration:
[0m17:20:24.301418 [info ] [MainThread]:   profiles.yml file [[31mERROR not found[0m]
[0m17:20:24.301840 [info ] [MainThread]:   dbt_project.yml file [[31mERROR not found[0m]
[0m17:20:24.302249 [info ] [MainThread]: Required dependencies:
[0m17:20:24.302677 [debug] [MainThread]: Executing "git --help"
[0m17:20:24.310099 [debug] [MainThread]: STDOUT: "b"usage: git [-v | --version] [-h | --help] [-C <path>] [-c <name>=<value>]\n           [--exec-path[=<path>]] [--html-path] [--man-path] [--info-path]\n           [-p | --paginate | -P | --no-pager] [--no-replace-objects] [--bare]\n           [--git-dir=<path>] [--work-tree=<path>] [--namespace=<name>]\n           [--super-prefix=<path>] [--config-env=<name>=<envvar>]\n           <command> [<args>]\n\nThese are common Git commands used in various situations:\n\nstart a working area (see also: git help tutorial)\n   clone     Clone a repository into a new directory\n   init      Create an empty Git repository or reinitialize an existing one\n\nwork on the current change (see also: git help everyday)\n   add       Add file contents to the index\n   mv        Move or rename a file, a directory, or a symlink\n   restore   Restore working tree files\n   rm        Remove files from the working tree and from the index\n\nexamine the history and state (see also: git help revisions)\n   bisect    Use binary search to find the commit that introduced a bug\n   diff      Show changes between commits, commit and working tree, etc\n   grep      Print lines matching a pattern\n   log       Show commit logs\n   show      Show various types of objects\n   status    Show the working tree status\n\ngrow, mark and tweak your common history\n   branch    List, create, or delete branches\n   commit    Record changes to the repository\n   merge     Join two or more development histories together\n   rebase    Reapply commits on top of another base tip\n   reset     Reset current HEAD to the specified state\n   switch    Switch branches\n   tag       Create, list, delete or verify a tag object signed with GPG\n\ncollaborate (see also: git help workflows)\n   fetch     Download objects and refs from another repository\n   pull      Fetch from and integrate with another repository or a local branch\n   push      Update remote refs along with associated objects\n\n'git help -a' and 'git help -g' list available subcommands and some\nconcept guides. See 'git help <command>' or 'git help <concept>'\nto read about a specific subcommand or concept.\nSee 'git help git' for an overview of the system.\n""
[0m17:20:24.310775 [debug] [MainThread]: STDERR: "b''"
[0m17:20:24.311083 [info ] [MainThread]:  - git [[32mOK found[0m]

[0m17:20:24.311667 [info ] [MainThread]: [31m1 check failed:[0m
[0m17:20:24.312055 [info ] [MainThread]: dbt looked for a profiles.yml file in /home/ming/.dbt/profiles.yml, but did
not find one. For more information on configuring your profile, consult the
documentation:

https://docs.getdbt.com/docs/configure-your-profile


[0m17:20:24.312956 [debug] [MainThread]: Command `dbt debug` failed at 17:20:24.312827 after 0.04 seconds
[0m17:20:24.313460 [debug] [MainThread]: Sending event: {'category': 'dbt', 'action': 'invocation', 'label': 'end', 'context': [<snowplow_tracker.self_describing_json.SelfDescribingJson object at 0x7f20082a8310>, <snowplow_tracker.self_describing_json.SelfDescribingJson object at 0x7f200b439fd0>, <snowplow_tracker.self_describing_json.SelfDescribingJson object at 0x7f200654ba30>]}
[0m17:20:24.313916 [debug] [MainThread]: Flushing usage events
